<?xml version="1.0" encoding="UTF-8"?>
<!-- Generated by org.testng.reporters.JUnitReportReporter -->
<testsuite hostname="lappy" failures="0" tests="5" name="TestRunner" time="64.450" errors="0" timestamp="2024-09-27T19:02:42 IST" skipped="0">
  <testcase classname="TestRunner" name="runScenario" time="13.719"/>
  <testcase classname="TestRunner" name="runScenario" time="9.574"/>
  <testcase classname="TestRunner" name="runScenario" time="9.521"/>
  <testcase classname="TestRunner" name="runScenario" time="17.911"/>
  <testcase classname="TestRunner" name="runScenario" time="13.725"/>
</testsuite> <!-- TestRunner -->
